<?xml version="1.0" encoding="UTF-8"?>
<testng-results skipped="0" failed="0" total="2" passed="2">
  <reporter-output>
  </reporter-output>
  <suite name="BDD Test Suite" duration-ms="14716" started-at="2018-06-29T09:54:29Z" finished-at="2018-06-29T09:54:44Z">
    <groups>
      <group name="cucumber">
        <method signature="RunCukesTest.feature(cucumber.api.testng.CucumberFeatureWrapper)[pri:0, instance:runner.RunCukesTest@3fee9989]" name="feature" class="runner.RunCukesTest"/>
      </group> <!-- cucumber -->
    </groups>
    <test name="Login and Update Profile Test" duration-ms="14716" started-at="2018-06-29T09:54:29Z" finished-at="2018-06-29T09:54:44Z">
      <class name="runner.RunCukesTest">
        <test-method status="PASS" signature="setUpClass()[pri:0, instance:runner.RunCukesTest@3fee9989]" name="setUpClass" is-config="true" duration-ms="10795" started-at="2018-06-29T15:24:29Z" finished-at="2018-06-29T15:24:40Z">
          <reporter-output>
          </reporter-output>
        </test-method> <!-- setUpClass -->
        <test-method status="PASS" signature="feature(cucumber.api.testng.CucumberFeatureWrapper)[pri:0, instance:runner.RunCukesTest@3fee9989]" name="feature" duration-ms="601" started-at="2018-06-29T15:24:40Z" description="Runs Cucumber Feature" data-provider="features" finished-at="2018-06-29T15:24:41Z">
          <params>
            <param index="0">
              <value>
                <![CDATA[Shopping cart on an e-commerce website]]>
              </value>
            </param>
          </params>
          <reporter-output>
          </reporter-output>
        </test-method> <!-- feature -->
        <test-method status="PASS" signature="feature(cucumber.api.testng.CucumberFeatureWrapper)[pri:0, instance:runner.RunCukesTest@3fee9989]" name="feature" duration-ms="32" started-at="2018-06-29T15:24:41Z" description="Runs Cucumber Feature" data-provider="features" finished-at="2018-06-29T15:24:41Z">
          <params>
            <param index="0">
              <value>
                <![CDATA[Access seleniumframework.com website]]>
              </value>
            </param>
          </params>
          <reporter-output>
          </reporter-output>
        </test-method> <!-- feature -->
        <test-method status="PASS" signature="tearDownClass()[pri:0, instance:runner.RunCukesTest@3fee9989]" name="tearDownClass" is-config="true" duration-ms="2995" started-at="2018-06-29T15:24:41Z" finished-at="2018-06-29T15:24:44Z">
          <reporter-output>
          </reporter-output>
        </test-method> <!-- tearDownClass -->
      </class> <!-- runner.RunCukesTest -->
    </test> <!-- Login and Update Profile Test -->
  </suite> <!-- BDD Test Suite -->
</testng-results>
